<?xml version="1.0" encoding="UTF-8"?>
<!-- Generated by org.testng.reporters.JUnitReportReporter -->
<testsuite hostname="Geo" failures="0" tests="1" name="comprehension.sample.lauchBrowser" time="35.124" errors="0" timestamp="2024-06-08T15:47:03 IST" skipped="0">
  <testcase classname="comprehension.sample.lauchBrowser" name="loginPage" time="35.124"/>
  <system-out/>
</testsuite> <!-- comprehension.sample.lauchBrowser -->
