<?xml version="1.0" encoding="UTF-8"?>
<!-- Generated by org.testng.reporters.JUnitReportReporter -->
<testsuite hostname="Geo" failures="0" tests="1" name="comprehension.sample.RequestLiveDemo" time="44.076" errors="0" timestamp="2024-06-08T16:20:33 IST" skipped="0">
  <testcase classname="comprehension.sample.RequestLiveDemo" name="loginPage" time="44.076"/>
  <system-out/>
</testsuite> <!-- comprehension.sample.RequestLiveDemo -->
